1754955942.983000 client started (893545): version 3.3a, socket /tmp/tmux-1000/default, protocol 8
1754955942.983021 on Linux 6.8.8-3-pve #1 SMP PREEMPT_DYNAMIC PMX 6.8.8-3 (2024-07-16T16:16Z)
1754955942.983025 using libevent 2.1.12-stable (poll); ncurses 6.3
1754955942.983042 flags are 0x10010000
1754955942.983045 socket is /tmp/tmux-1000/default
1754955942.983055 trying connect
1754955942.983104 add peer 0x560e06dc5870: 6 ((nil))
1754955942.983426 sending message 100 to peer 0x560e06dc5870 (4 bytes)
1754955942.983432 sending message 111 to peer 0x560e06dc5870 (8 bytes)
1754955942.983435 sending message 101 to peer 0x560e06dc5870 (15 bytes)
1754955942.983437 sending message 109 to peer 0x560e06dc5870 (4 bytes)
1754955942.983439 sending message 102 to peer 0x560e06dc5870 (12 bytes)
1754955942.983441 sending message 108 to peer 0x560e06dc5870 (29 bytes)
1754955942.983443 sending message 112 to peer 0x560e06dc5870 (58 bytes)
1754955942.983445 sending message 112 to peer 0x560e06dc5870 (5 bytes)
1754955942.983447 sending message 112 to peer 0x560e06dc5870 (5 bytes)
1754955942.983450 sending message 112 to peer 0x560e06dc5870 (6 bytes)
1754955942.983452 sending message 112 to peer 0x560e06dc5870 (6 bytes)
1754955942.983454 sending message 112 to peer 0x560e06dc5870 (11 bytes)
1754955942.983456 sending message 112 to peer 0x560e06dc5870 (10 bytes)
1754955942.983458 sending message 112 to peer 0x560e06dc5870 (13 bytes)
1754955942.983460 sending message 112 to peer 0x560e06dc5870 (14 bytes)
1754955942.983462 sending message 112 to peer 0x560e06dc5870 (19 bytes)
1754955942.983464 sending message 112 to peer 0x560e06dc5870 (11 bytes)
1754955942.983466 sending message 112 to peer 0x560e06dc5870 (10 bytes)
1754955942.983468 sending message 112 to peer 0x560e06dc5870 (15 bytes)
1754955942.983470 sending message 112 to peer 0x560e06dc5870 (21 bytes)
1754955942.983472 sending message 112 to peer 0x560e06dc5870 (13 bytes)
1754955942.983474 sending message 112 to peer 0x560e06dc5870 (7 bytes)
1754955942.983477 sending message 112 to peer 0x560e06dc5870 (13 bytes)
1754955942.983479 sending message 112 to peer 0x560e06dc5870 (7 bytes)
1754955942.983481 sending message 112 to peer 0x560e06dc5870 (13 bytes)
1754955942.983483 sending message 112 to peer 0x560e06dc5870 (9 bytes)
1754955942.983485 sending message 112 to peer 0x560e06dc5870 (21 bytes)
1754955942.983487 sending message 112 to peer 0x560e06dc5870 (13 bytes)
1754955942.983489 sending message 112 to peer 0x560e06dc5870 (9 bytes)
1754955942.983491 sending message 112 to peer 0x560e06dc5870 (16 bytes)
1754955942.983493 sending message 112 to peer 0x560e06dc5870 (13 bytes)
1754955942.983495 sending message 112 to peer 0x560e06dc5870 (9 bytes)
1754955942.983497 sending message 112 to peer 0x560e06dc5870 (9 bytes)
1754955942.983499 sending message 112 to peer 0x560e06dc5870 (12 bytes)
1754955942.983502 sending message 112 to peer 0x560e06dc5870 (8 bytes)
1754955942.983504 sending message 112 to peer 0x560e06dc5870 (8 bytes)
1754955942.983506 sending message 112 to peer 0x560e06dc5870 (13 bytes)
1754955942.983508 sending message 112 to peer 0x560e06dc5870 (7 bytes)
1754955942.983510 sending message 112 to peer 0x560e06dc5870 (7 bytes)
1754955942.983512 sending message 112 to peer 0x560e06dc5870 (9 bytes)
1754955942.983514 sending message 112 to peer 0x560e06dc5870 (9 bytes)
1754955942.983516 sending message 112 to peer 0x560e06dc5870 (15 bytes)
1754955942.983518 sending message 112 to peer 0x560e06dc5870 (13 bytes)
1754955942.983520 sending message 112 to peer 0x560e06dc5870 (12 bytes)
1754955942.983522 sending message 112 to peer 0x560e06dc5870 (8 bytes)
1754955942.983524 sending message 112 to peer 0x560e06dc5870 (14 bytes)
1754955942.983526 sending message 112 to peer 0x560e06dc5870 (11 bytes)
1754955942.983528 sending message 112 to peer 0x560e06dc5870 (9 bytes)
1754955942.983530 sending message 112 to peer 0x560e06dc5870 (10 bytes)
1754955942.983532 sending message 112 to peer 0x560e06dc5870 (10 bytes)
1754955942.983534 sending message 112 to peer 0x560e06dc5870 (10 bytes)
1754955942.983536 sending message 112 to peer 0x560e06dc5870 (10 bytes)
1754955942.983543 sending message 112 to peer 0x560e06dc5870 (11 bytes)
1754955942.983545 sending message 112 to peer 0x560e06dc5870 (12 bytes)
1754955942.983547 sending message 112 to peer 0x560e06dc5870 (12 bytes)
1754955942.983551 sending message 112 to peer 0x560e06dc5870 (12 bytes)
1754955942.983553 sending message 112 to peer 0x560e06dc5870 (12 bytes)
1754955942.983555 sending message 112 to peer 0x560e06dc5870 (12 bytes)
1754955942.983557 sending message 112 to peer 0x560e06dc5870 (11 bytes)
1754955942.983560 sending message 112 to peer 0x560e06dc5870 (11 bytes)
1754955942.983562 sending message 112 to peer 0x560e06dc5870 (12 bytes)
1754955942.983564 sending message 112 to peer 0x560e06dc5870 (12 bytes)
1754955942.983566 sending message 112 to peer 0x560e06dc5870 (12 bytes)
1754955942.983568 sending message 112 to peer 0x560e06dc5870 (12 bytes)
1754955942.983570 sending message 112 to peer 0x560e06dc5870 (12 bytes)
1754955942.983572 sending message 112 to peer 0x560e06dc5870 (9 bytes)
1754955942.983574 sending message 112 to peer 0x560e06dc5870 (12 bytes)
1754955942.983576 sending message 112 to peer 0x560e06dc5870 (13 bytes)
1754955942.983578 sending message 112 to peer 0x560e06dc5870 (13 bytes)
1754955942.983580 sending message 112 to peer 0x560e06dc5870 (13 bytes)
1754955942.983582 sending message 112 to peer 0x560e06dc5870 (13 bytes)
1754955942.983584 sending message 112 to peer 0x560e06dc5870 (13 bytes)
1754955942.983586 sending message 112 to peer 0x560e06dc5870 (8 bytes)
1754955942.983588 sending message 112 to peer 0x560e06dc5870 (11 bytes)
1754955942.983590 sending message 112 to peer 0x560e06dc5870 (11 bytes)
1754955942.983592 sending message 112 to peer 0x560e06dc5870 (11 bytes)
1754955942.983595 sending message 112 to peer 0x560e06dc5870 (12 bytes)
1754955942.983597 sending message 112 to peer 0x560e06dc5870 (12 bytes)
1754955942.983599 sending message 112 to peer 0x560e06dc5870 (12 bytes)
1754955942.983601 sending message 112 to peer 0x560e06dc5870 (12 bytes)
1754955942.983603 sending message 112 to peer 0x560e06dc5870 (13 bytes)
1754955942.983605 sending message 112 to peer 0x560e06dc5870 (13 bytes)
1754955942.983607 sending message 112 to peer 0x560e06dc5870 (13 bytes)
1754955942.983609 sending message 112 to peer 0x560e06dc5870 (8 bytes)
1754955942.983611 sending message 112 to peer 0x560e06dc5870 (13 bytes)
1754955942.983613 sending message 112 to peer 0x560e06dc5870 (13 bytes)
1754955942.983615 sending message 112 to peer 0x560e06dc5870 (13 bytes)
1754955942.983617 sending message 112 to peer 0x560e06dc5870 (13 bytes)
1754955942.983619 sending message 112 to peer 0x560e06dc5870 (13 bytes)
1754955942.983622 sending message 112 to peer 0x560e06dc5870 (12 bytes)
1754955942.983624 sending message 112 to peer 0x560e06dc5870 (12 bytes)
1754955942.983626 sending message 112 to peer 0x560e06dc5870 (12 bytes)
1754955942.983628 sending message 112 to peer 0x560e06dc5870 (12 bytes)
1754955942.983630 sending message 112 to peer 0x560e06dc5870 (13 bytes)
1754955942.983632 sending message 112 to peer 0x560e06dc5870 (8 bytes)
1754955942.983634 sending message 112 to peer 0x560e06dc5870 (13 bytes)
1754955942.983636 sending message 112 to peer 0x560e06dc5870 (13 bytes)
1754955942.983638 sending message 112 to peer 0x560e06dc5870 (13 bytes)
1754955942.983640 sending message 112 to peer 0x560e06dc5870 (13 bytes)
1754955942.983642 sending message 112 to peer 0x560e06dc5870 (13 bytes)
1754955942.983644 sending message 112 to peer 0x560e06dc5870 (13 bytes)
1754955942.983646 sending message 112 to peer 0x560e06dc5870 (13 bytes)
1754955942.983648 sending message 112 to peer 0x560e06dc5870 (12 bytes)
1754955942.983650 sending message 112 to peer 0x560e06dc5870 (12 bytes)
1754955942.983653 sending message 112 to peer 0x560e06dc5870 (12 bytes)
1754955942.983655 sending message 112 to peer 0x560e06dc5870 (8 bytes)
1754955942.983657 sending message 112 to peer 0x560e06dc5870 (12 bytes)
1754955942.983659 sending message 112 to peer 0x560e06dc5870 (13 bytes)
1754955942.983675 sending message 112 to peer 0x560e06dc5870 (13 bytes)
1754955942.983680 sending message 112 to peer 0x560e06dc5870 (13 bytes)
1754955942.983682 sending message 112 to peer 0x560e06dc5870 (13 bytes)
1754955942.983697 sending message 112 to peer 0x560e06dc5870 (13 bytes)
1754955942.983699 sending message 112 to peer 0x560e06dc5870 (13 bytes)
1754955942.983701 sending message 112 to peer 0x560e06dc5870 (13 bytes)
1754955942.983703 sending message 112 to peer 0x560e06dc5870 (13 bytes)
1754955942.983705 sending message 112 to peer 0x560e06dc5870 (12 bytes)
1754955942.983707 sending message 112 to peer 0x560e06dc5870 (10 bytes)
1754955942.983710 sending message 112 to peer 0x560e06dc5870 (12 bytes)
1754955942.983712 sending message 112 to peer 0x560e06dc5870 (12 bytes)
1754955942.983714 sending message 112 to peer 0x560e06dc5870 (12 bytes)
1754955942.983716 sending message 112 to peer 0x560e06dc5870 (13 bytes)
1754955942.983718 sending message 112 to peer 0x560e06dc5870 (13 bytes)
1754955942.983720 sending message 112 to peer 0x560e06dc5870 (13 bytes)
1754955942.983722 sending message 112 to peer 0x560e06dc5870 (13 bytes)
1754955942.983724 sending message 112 to peer 0x560e06dc5870 (13 bytes)
1754955942.983726 sending message 112 to peer 0x560e06dc5870 (13 bytes)
1754955942.983728 sending message 112 to peer 0x560e06dc5870 (13 bytes)
1754955942.983730 sending message 112 to peer 0x560e06dc5870 (10 bytes)
1754955942.983732 sending message 112 to peer 0x560e06dc5870 (13 bytes)
1754955942.983734 sending message 112 to peer 0x560e06dc5870 (12 bytes)
1754955942.983736 sending message 112 to peer 0x560e06dc5870 (12 bytes)
1754955942.983738 sending message 112 to peer 0x560e06dc5870 (12 bytes)
1754955942.983740 sending message 112 to peer 0x560e06dc5870 (10 bytes)
1754955942.983742 sending message 112 to peer 0x560e06dc5870 (10 bytes)
1754955942.983744 sending message 112 to peer 0x560e06dc5870 (10 bytes)
1754955942.983747 sending message 112 to peer 0x560e06dc5870 (12 bytes)
1754955942.983749 sending message 112 to peer 0x560e06dc5870 (13 bytes)
1754955942.983751 sending message 112 to peer 0x560e06dc5870 (13 bytes)
1754955942.983753 sending message 112 to peer 0x560e06dc5870 (13 bytes)
1754955942.983755 sending message 112 to peer 0x560e06dc5870 (13 bytes)
1754955942.983757 sending message 112 to peer 0x560e06dc5870 (13 bytes)
1754955942.983759 sending message 112 to peer 0x560e06dc5870 (10 bytes)
1754955942.983761 sending message 112 to peer 0x560e06dc5870 (11 bytes)
1754955942.983763 sending message 112 to peer 0x560e06dc5870 (12 bytes)
1754955942.983765 sending message 112 to peer 0x560e06dc5870 (12 bytes)
1754955942.983767 sending message 112 to peer 0x560e06dc5870 (12 bytes)
1754955942.983769 sending message 112 to peer 0x560e06dc5870 (12 bytes)
1754955942.983771 sending message 112 to peer 0x560e06dc5870 (12 bytes)
1754955942.983773 sending message 112 to peer 0x560e06dc5870 (11 bytes)
1754955942.983775 sending message 112 to peer 0x560e06dc5870 (12 bytes)
1754955942.983777 sending message 112 to peer 0x560e06dc5870 (12 bytes)
1754955942.983779 sending message 112 to peer 0x560e06dc5870 (13 bytes)
1754955942.983781 sending message 112 to peer 0x560e06dc5870 (13 bytes)
1754955942.983783 sending message 112 to peer 0x560e06dc5870 (13 bytes)
1754955942.983785 sending message 112 to peer 0x560e06dc5870 (13 bytes)
1754955942.983787 sending message 112 to peer 0x560e06dc5870 (13 bytes)
1754955942.983789 sending message 112 to peer 0x560e06dc5870 (10 bytes)
1754955942.983792 sending message 112 to peer 0x560e06dc5870 (9 bytes)
1754955942.983794 sending message 112 to peer 0x560e06dc5870 (12 bytes)
1754955942.983796 sending message 112 to peer 0x560e06dc5870 (13 bytes)
1754955942.983798 sending message 112 to peer 0x560e06dc5870 (13 bytes)
1754955942.983800 sending message 112 to peer 0x560e06dc5870 (13 bytes)
1754955942.983802 sending message 112 to peer 0x560e06dc5870 (13 bytes)
1754955942.983804 sending message 112 to peer 0x560e06dc5870 (13 bytes)
1754955942.983806 sending message 112 to peer 0x560e06dc5870 (9 bytes)
1754955942.983808 sending message 112 to peer 0x560e06dc5870 (12 bytes)
1754955942.983812 sending message 112 to peer 0x560e06dc5870 (13 bytes)
1754955942.983814 sending message 112 to peer 0x560e06dc5870 (13 bytes)
1754955942.983816 sending message 112 to peer 0x560e06dc5870 (13 bytes)
1754955942.983818 sending message 112 to peer 0x560e06dc5870 (13 bytes)
1754955942.983820 sending message 112 to peer 0x560e06dc5870 (13 bytes)
1754955942.983822 sending message 112 to peer 0x560e06dc5870 (11 bytes)
1754955942.983824 sending message 112 to peer 0x560e06dc5870 (12 bytes)
1754955942.983826 sending message 112 to peer 0x560e06dc5870 (13 bytes)
1754955942.983829 sending message 112 to peer 0x560e06dc5870 (13 bytes)
1754955942.983831 sending message 112 to peer 0x560e06dc5870 (13 bytes)
1754955942.983833 sending message 112 to peer 0x560e06dc5870 (13 bytes)
1754955942.983835 sending message 112 to peer 0x560e06dc5870 (13 bytes)
1754955942.983837 sending message 112 to peer 0x560e06dc5870 (11 bytes)
1754955942.983839 sending message 112 to peer 0x560e06dc5870 (12 bytes)
1754955942.983841 sending message 112 to peer 0x560e06dc5870 (12 bytes)
1754955942.983843 sending message 112 to peer 0x560e06dc5870 (12 bytes)
1754955942.983845 sending message 112 to peer 0x560e06dc5870 (12 bytes)
1754955942.983847 sending message 112 to peer 0x560e06dc5870 (12 bytes)
1754955942.983849 sending message 112 to peer 0x560e06dc5870 (21 bytes)
1754955942.983851 sending message 112 to peer 0x560e06dc5870 (12 bytes)
1754955942.983853 sending message 112 to peer 0x560e06dc5870 (9 bytes)
1754955942.983855 sending message 112 to peer 0x560e06dc5870 (6 bytes)
1754955942.983857 sending message 112 to peer 0x560e06dc5870 (13 bytes)
1754955942.983859 sending message 112 to peer 0x560e06dc5870 (10 bytes)
1754955942.983861 sending message 112 to peer 0x560e06dc5870 (24 bytes)
1754955942.983865 sending message 112 to peer 0x560e06dc5870 (13 bytes)
1754955942.983867 sending message 112 to peer 0x560e06dc5870 (9 bytes)
1754955942.983869 sending message 112 to peer 0x560e06dc5870 (70 bytes)
1754955942.983871 sending message 112 to peer 0x560e06dc5870 (69 bytes)
1754955942.983873 sending message 112 to peer 0x560e06dc5870 (12 bytes)
1754955942.983875 sending message 112 to peer 0x560e06dc5870 (10 bytes)
1754955942.983877 sending message 112 to peer 0x560e06dc5870 (10 bytes)
1754955942.983879 sending message 112 to peer 0x560e06dc5870 (24 bytes)
1754955942.983881 sending message 112 to peer 0x560e06dc5870 (13 bytes)
1754955942.983883 sending message 112 to peer 0x560e06dc5870 (10 bytes)
1754955942.983885 sending message 112 to peer 0x560e06dc5870 (10 bytes)
1754955942.983887 sending message 112 to peer 0x560e06dc5870 (10 bytes)
1754955942.983889 sending message 112 to peer 0x560e06dc5870 (13 bytes)
1754955942.983891 sending message 112 to peer 0x560e06dc5870 (15 bytes)
1754955942.983893 sending message 112 to peer 0x560e06dc5870 (5 bytes)
1754955942.983896 sending message 104 to peer 0x560e06dc5870 (0 bytes)
1754955942.983900 sending message 110 to peer 0x560e06dc5870 (0 bytes)
1754955942.983903 sending message 107 to peer 0x560e06dc5870 (4 bytes)
1754955942.983905 sending message 105 to peer 0x560e06dc5870 (54 bytes)
1754955942.983907 sending message 105 to peer 0x560e06dc5870 (18 bytes)
1754955942.983909 sending message 105 to peer 0x560e06dc5870 (50 bytes)
1754955942.983911 sending message 105 to peer 0x560e06dc5870 (43 bytes)
1754955942.983913 sending message 105 to peer 0x560e06dc5870 (56 bytes)
1754955942.983915 sending message 105 to peer 0x560e06dc5870 (86 bytes)
1754955942.983917 sending message 105 to peer 0x560e06dc5870 (17 bytes)
1754955942.983919 sending message 105 to peer 0x560e06dc5870 (15 bytes)
1754955942.983921 sending message 105 to peer 0x560e06dc5870 (15 bytes)
1754955942.983923 sending message 105 to peer 0x560e06dc5870 (22 bytes)
1754955942.983925 sending message 105 to peer 0x560e06dc5870 (24 bytes)
1754955942.983927 sending message 105 to peer 0x560e06dc5870 (27 bytes)
1754955942.983929 sending message 105 to peer 0x560e06dc5870 (12 bytes)
1754955942.983933 sending message 105 to peer 0x560e06dc5870 (529 bytes)
1754955942.983937 sending message 105 to peer 0x560e06dc5870 (33 bytes)
1754955942.983940 sending message 105 to peer 0x560e06dc5870 (19 bytes)
1754955942.983942 sending message 105 to peer 0x560e06dc5870 (8 bytes)
1754955942.983944 sending message 105 to peer 0x560e06dc5870 (34 bytes)
1754955942.983946 sending message 105 to peer 0x560e06dc5870 (51 bytes)
1754955942.983948 sending message 105 to peer 0x560e06dc5870 (19 bytes)
1754955942.983950 sending message 105 to peer 0x560e06dc5870 (20 bytes)
1754955942.983979 sending message 105 to peer 0x560e06dc5870 (23 bytes)
1754955942.983986 sending message 105 to peer 0x560e06dc5870 (20 bytes)
1754955942.983990 sending message 105 to peer 0x560e06dc5870 (18 bytes)
1754955942.983993 sending message 105 to peer 0x560e06dc5870 (26 bytes)
1754955942.983997 sending message 105 to peer 0x560e06dc5870 (19 bytes)
1754955942.984000 sending message 105 to peer 0x560e06dc5870 (22 bytes)
1754955942.984004 sending message 105 to peer 0x560e06dc5870 (35 bytes)
1754955942.984008 sending message 105 to peer 0x560e06dc5870 (14 bytes)
1754955942.984013 sending message 105 to peer 0x560e06dc5870 (53 bytes)
1754955942.984017 sending message 105 to peer 0x560e06dc5870 (12 bytes)
1754955942.984021 sending message 105 to peer 0x560e06dc5870 (31 bytes)
1754955942.984024 sending message 105 to peer 0x560e06dc5870 (23 bytes)
1754955942.984028 sending message 105 to peer 0x560e06dc5870 (21 bytes)
1754955942.984031 sending message 105 to peer 0x560e06dc5870 (21 bytes)
1754955942.984035 sending message 105 to peer 0x560e06dc5870 (16 bytes)
1754955942.984039 sending message 105 to peer 0x560e06dc5870 (25 bytes)
1754955942.984042 sending message 105 to peer 0x560e06dc5870 (21 bytes)
1754955942.984046 sending message 105 to peer 0x560e06dc5870 (10 bytes)
1754955942.984049 sending message 105 to peer 0x560e06dc5870 (30 bytes)
1754955942.984053 sending message 105 to peer 0x560e06dc5870 (17 bytes)
1754955942.984056 sending message 105 to peer 0x560e06dc5870 (27 bytes)
1754955942.984060 sending message 105 to peer 0x560e06dc5870 (23 bytes)
1754955942.984063 sending message 106 to peer 0x560e06dc5870 (0 bytes)
1754955942.984115 sending message 200 to peer 0x560e06dc5870 (4 bytes)
1754955942.984119 client loop enter
1754955942.985044 peer 0x560e06dc5870 message 303
1754955942.985051 open write file 2 -
1754955942.985058 sending message 305 to peer 0x560e06dc5870 (8 bytes)
1754955942.985064 write check file 2
1754955942.985254 peer 0x560e06dc5870 message 304
1754955942.985259 write 58 to file 2
1754955942.985262 peer 0x560e06dc5870 message 203
1754955942.985264 file 2 58 bytes left
1754955942.985276 write check file 2
1754955942.985293 client loop exit
